This file contains any messages produced by compilers while
running configure, to aid debugging if configure makes a mistake.

It was created by libpqxx configure 4.0, which was
generated by GNU Autoconf 2.68.  Invocation command line was

  $ ./configure 

## --------- ##
## Platform. ##
## --------- ##

hostname = david-pc
uname -m = x86_64
uname -r = 4.19.36-1-MANJARO
uname -s = Linux
uname -v = #1 SMP PREEMPT Sat Apr 20 22:05:46 UTC 2019

/usr/bin/uname -p = unknown
/bin/uname -X     = unknown

/bin/arch              = unknown
/usr/bin/arch -k       = unknown
/usr/convex/getsysinfo = unknown
/usr/bin/hostinfo      = unknown
/bin/machine           = unknown
/usr/bin/oslevel       = unknown
/bin/universe          = unknown

PATH: /home/david/bin
PATH: /usr/sbin
PATH: /sbin
PATH: /home/david/bin
PATH: /usr/local/bin
PATH: /usr/bin
PATH: /bin
PATH: /usr/local/sbin
PATH: /usr/lib/jvm/default/bin
PATH: /usr/bin/site_perl
PATH: /usr/bin/vendor_perl
PATH: /usr/bin/core_perl


## ----------- ##
## Core tests. ##
## ----------- ##

configure:2434: checking for a BSD-compatible install
configure:2502: result: /usr/bin/install -c
configure:2513: checking whether build environment is sane
configure:2563: result: yes
configure:2704: checking for a thread-safe mkdir -p
configure:2743: result: /usr/sbin/mkdir -p
configure:2756: checking for gawk
configure:2772: found /usr/sbin/gawk
configure:2783: result: gawk
configure:2794: checking whether make sets $(MAKE)
configure:2816: result: yes
configure:2972: checking for g++
configure:2988: found /usr/sbin/g++
configure:2999: result: g++
configure:3026: checking for C++ compiler version
configure:3035: g++ --version >&5
g++ (GCC) 8.3.0
Copyright (C) 2018 Free Software Foundation, Inc.
This is free software; see the source for copying conditions.  There is NO
warranty; not even for MERCHANTABILITY or FITNESS FOR A PARTICULAR PURPOSE.

configure:3046: $? = 0
configure:3035: g++ -v >&5
Using built-in specs.
COLLECT_GCC=g++
COLLECT_LTO_WRAPPER=/usr/lib/gcc/x86_64-pc-linux-gnu/8.3.0/lto-wrapper
Target: x86_64-pc-linux-gnu
Configured with: /build/gcc/src/gcc/configure --prefix=/usr --libdir=/usr/lib --libexecdir=/usr/lib --mandir=/usr/share/man --infodir=/usr/share/info --with-bugurl=https://bugs.archlinux.org/ --enable-languages=c,c++,ada,fortran,go,lto,objc,obj-c++ --enable-shared --enable-threads=posix --enable-libmpx --with-system-zlib --with-isl --enable-__cxa_atexit --disable-libunwind-exceptions --enable-clocale=gnu --disable-libstdcxx-pch --disable-libssp --enable-gnu-unique-object --enable-linker-build-id --enable-lto --enable-plugin --enable-install-libiberty --with-linker-hash-style=gnu --enable-gnu-indirect-function --enable-multilib --disable-werror --enable-checking=release --enable-default-pie --enable-default-ssp --enable-cet=auto
Thread model: posix
gcc version 8.3.0 (GCC) 
configure:3046: $? = 0
configure:3035: g++ -V >&5
g++: error: unrecognized command line option '-V'
g++: fatal error: no input files
compilation terminated.
configure:3046: $? = 1
configure:3035: g++ -qversion >&5
g++: error: unrecognized command line option '-qversion'; did you mean '--version'?
g++: fatal error: no input files
compilation terminated.
configure:3046: $? = 1
configure:3066: checking whether the C++ compiler works
configure:3088: g++    conftest.cpp  >&5
configure:3092: $? = 0
configure:3140: result: yes
configure:3143: checking for C++ compiler default output file name
configure:3145: result: a.out
configure:3151: checking for suffix of executables
configure:3158: g++ -o conftest    conftest.cpp  >&5
configure:3162: $? = 0
configure:3184: result: 
configure:3206: checking whether we are cross compiling
configure:3214: g++ -o conftest    conftest.cpp  >&5
configure:3218: $? = 0
configure:3225: ./conftest
configure:3229: $? = 0
configure:3217: result: no
configure:3222: checking for suffix of object files
configure:3244: g++ -c   conftest.cpp >&5
configure:3248: $? = 0
configure:3269: result: o
configure:3273: checking whether we are using the GNU C++ compiler
configure:3292: g++ -c   conftest.cpp >&5
configure:3292: $? = 0
configure:3301: result: yes
configure:3310: checking whether g++ accepts -g
configure:3330: g++ -c -g  conftest.cpp >&5
configure:3330: $? = 0
configure:3371: result: yes
configure:3405: checking for style of include used by make
configure:3433: result: GNU
configure:3458: checking dependency style of g++
configure:3568: result: gcc3
configure:3631: checking for gcc
configure:3647: found /usr/sbin/gcc
configure:3658: result: gcc
configure:3887: checking for C compiler version
configure:3896: gcc --version >&5
gcc (GCC) 8.3.0
Copyright (C) 2018 Free Software Foundation, Inc.
This is free software; see the source for copying conditions.  There is NO
warranty; not even for MERCHANTABILITY or FITNESS FOR A PARTICULAR PURPOSE.

configure:3907: $? = 0
configure:3896: gcc -v >&5
Using built-in specs.
COLLECT_GCC=gcc
COLLECT_LTO_WRAPPER=/usr/lib/gcc/x86_64-pc-linux-gnu/8.3.0/lto-wrapper
Target: x86_64-pc-linux-gnu
Configured with: /build/gcc/src/gcc/configure --prefix=/usr --libdir=/usr/lib --libexecdir=/usr/lib --mandir=/usr/share/man --infodir=/usr/share/info --with-bugurl=https://bugs.archlinux.org/ --enable-languages=c,c++,ada,fortran,go,lto,objc,obj-c++ --enable-shared --enable-threads=posix --enable-libmpx --with-system-zlib --with-isl --enable-__cxa_atexit --disable-libunwind-exceptions --enable-clocale=gnu --disable-libstdcxx-pch --disable-libssp --enable-gnu-unique-object --enable-linker-build-id --enable-lto --enable-plugin --enable-install-libiberty --with-linker-hash-style=gnu --enable-gnu-indirect-function --enable-multilib --disable-werror --enable-checking=release --enable-default-pie --enable-default-ssp --enable-cet=auto
Thread model: posix
gcc version 8.3.0 (GCC) 
configure:3907: $? = 0
configure:3896: gcc -V >&5
gcc: error: unrecognized command line option '-V'
gcc: fatal error: no input files
compilation terminated.
configure:3907: $? = 1
configure:3896: gcc -qversion >&5
gcc: error: unrecognized command line option '-qversion'; did you mean '--version'?
gcc: fatal error: no input files
compilation terminated.
configure:3907: $? = 1
configure:3911: checking whether we are using the GNU C compiler
configure:3930: gcc -c   conftest.c >&5
configure:3930: $? = 0
configure:3939: result: yes
configure:3948: checking whether gcc accepts -g
configure:3968: gcc -c -g  conftest.c >&5
configure:3968: $? = 0
configure:4009: result: yes
configure:4026: checking for gcc option to accept ISO C89
configure:4090: gcc  -c -g -O2  conftest.c >&5
configure:4090: $? = 0
configure:4103: result: none needed
configure:4125: checking dependency style of gcc
configure:4235: result: gcc3
configure:4311: checking build system type
configure:4325: result: x86_64-unknown-linux-gnu
configure:4345: checking host system type
configure:4358: result: x86_64-unknown-linux-gnu
configure:4399: checking how to print strings
configure:4426: result: printf
configure:4447: checking for a sed that does not truncate output
configure:4511: result: /usr/sbin/sed
configure:4529: checking for grep that handles long lines and -e
configure:4587: result: /usr/sbin/grep
configure:4592: checking for egrep
configure:4654: result: /usr/sbin/grep -E
configure:4659: checking for fgrep
configure:4721: result: /usr/sbin/grep -F
configure:4756: checking for ld used by gcc
configure:4823: result: /usr/sbin/ld
configure:4830: checking if the linker (/usr/sbin/ld) is GNU ld
configure:4845: result: yes
configure:4857: checking for BSD- or MS-compatible name lister (nm)
configure:4906: result: /usr/sbin/nm -B
configure:5036: checking the name lister (/usr/sbin/nm -B) interface
configure:5043: g++ -c -g -O2  conftest.cpp >&5
configure:5046: /usr/sbin/nm -B "conftest.o"
configure:5049: output
0000000000000000 B some_variable
configure:5050: result: BSD nm
configure:5053: checking whether ln -s works
configure:5057: result: yes
configure:5065: checking the maximum length of command line arguments
configure:5190: result: 1572864
configure:5207: checking whether the shell understands some XSI constructs
configure:5216: result: yes
configure:5220: checking whether the shell understands "+="
configure:5224: result: yes
configure:5259: checking how to convert x86_64-unknown-linux-gnu file names to x86_64-unknown-linux-gnu format
configure:5299: result: func_convert_file_noop
configure:5306: checking how to convert x86_64-unknown-linux-gnu file names to toolchain format
configure:5326: result: func_convert_file_noop
configure:5333: checking for /usr/sbin/ld option to reload object files
configure:5340: result: -r
configure:5414: checking for objdump
configure:5430: found /usr/sbin/objdump
configure:5441: result: objdump
configure:5473: checking how to recognize dependent libraries
configure:5675: result: pass_all
configure:5760: checking for dlltool
configure:5790: result: no
configure:5820: checking how to associate runtime and link libraries
configure:5847: result: printf %s\n
configure:5908: checking for ar
configure:5924: found /usr/sbin/ar
configure:5935: result: ar
configure:5972: checking for archiver @FILE support
configure:5989: g++ -c -g -O2  conftest.cpp >&5
configure:5989: $? = 0
configure:5992: ar cru libconftest.a @conftest.lst >&5
ar: `u' modifier ignored since `D' is the default (see `U')
configure:5995: $? = 0
configure:6000: ar cru libconftest.a @conftest.lst >&5
ar: `u' modifier ignored since `D' is the default (see `U')
ar: conftest.o: No such file or directory
configure:6003: $? = 1
configure:6002: result: @
configure:6060: checking for strip
configure:6076: found /usr/sbin/strip
configure:6087: result: strip
configure:6159: checking for ranlib
configure:6175: found /usr/sbin/ranlib
configure:6186: result: ranlib
configure:6288: checking command to parse /usr/sbin/nm -B output from gcc object
configure:6407: g++ -c -g -O2  conftest.cpp >&5
configure:6410: $? = 0
configure:6414: /usr/sbin/nm -B conftest.o \| sed -n -e 's/^.*[ ]\([ABCDGIRSTW][ABCDGIRSTW]*\)[ ][ ]*\([_A-Za-z][_A-Za-z0-9]*\)$/\1 \2 \2/p' | sed '/ __gnu_lto/d' \> conftest.nm
configure:6417: $? = 0
configure:6483: g++ -o conftest -g -O2   conftest.cpp conftstm.o >&5
configure:6486: $? = 0
configure:6524: result: ok
configure:6561: checking for sysroot
configure:6591: result: no
configure:6669: g++ -c -g -O2  conftest.cpp >&5
configure:6672: $? = 0
configure:6835: checking for mt
configure:6865: result: no
configure:6885: checking if : is a manifest tool
configure:6891: : '-?'
configure:6899: result: no
configure:7531: checking how to run the C preprocessor
configure:7562: gcc -E  conftest.c
configure:7562: $? = 0
configure:7576: gcc -E  conftest.c
conftest.c:11:10: fatal error: ac_nonexistent.h: No such file or directory
 #include <ac_nonexistent.h>
          ^~~~~~~~~~~~~~~~~~
compilation terminated.
configure:7576: $? = 1
configure: failed program was:
| /* confdefs.h */
| #define PACKAGE_NAME "libpqxx"
| #define PACKAGE_TARNAME "libpqxx"
| #define PACKAGE_VERSION "4.0"
| #define PACKAGE_STRING "libpqxx 4.0"
| #define PACKAGE_BUGREPORT "Jeroen T. Vermeulen <jtv@xs4all.nl>"
| #define PACKAGE_URL ""
| #define PACKAGE "libpqxx"
| #define VERSION "4.0"
| /* end confdefs.h.  */
| #include <ac_nonexistent.h>
configure:7601: result: gcc -E
configure:7621: gcc -E  conftest.c
configure:7621: $? = 0
configure:7635: gcc -E  conftest.c
conftest.c:11:10: fatal error: ac_nonexistent.h: No such file or directory
 #include <ac_nonexistent.h>
          ^~~~~~~~~~~~~~~~~~
compilation terminated.
configure:7635: $? = 1
configure: failed program was:
| /* confdefs.h */
| #define PACKAGE_NAME "libpqxx"
| #define PACKAGE_TARNAME "libpqxx"
| #define PACKAGE_VERSION "4.0"
| #define PACKAGE_STRING "libpqxx 4.0"
| #define PACKAGE_BUGREPORT "Jeroen T. Vermeulen <jtv@xs4all.nl>"
| #define PACKAGE_URL ""
| #define PACKAGE "libpqxx"
| #define VERSION "4.0"
| /* end confdefs.h.  */
| #include <ac_nonexistent.h>
configure:7664: checking for ANSI C header files
configure:7684: gcc -c -g -O2  conftest.c >&5
configure:7684: $? = 0
configure:7757: gcc -o conftest -g -O2   conftest.c  >&5
configure:7757: $? = 0
configure:7757: ./conftest
configure:7757: $? = 0
configure:7768: result: yes
configure:7781: checking for sys/types.h
configure:7781: gcc -c -g -O2  conftest.c >&5
configure:7781: $? = 0
configure:7781: result: yes
configure:7781: checking for sys/stat.h
configure:7781: gcc -c -g -O2  conftest.c >&5
configure:7781: $? = 0
configure:7781: result: yes
configure:7781: checking for stdlib.h
configure:7781: gcc -c -g -O2  conftest.c >&5
configure:7781: $? = 0
configure:7781: result: yes
configure:7781: checking for string.h
configure:7781: gcc -c -g -O2  conftest.c >&5
configure:7781: $? = 0
configure:7781: result: yes
configure:7781: checking for memory.h
configure:7781: gcc -c -g -O2  conftest.c >&5
configure:7781: $? = 0
configure:7781: result: yes
configure:7781: checking for strings.h
configure:7781: gcc -c -g -O2  conftest.c >&5
configure:7781: $? = 0
configure:7781: result: yes
configure:7781: checking for inttypes.h
configure:7781: gcc -c -g -O2  conftest.c >&5
configure:7781: $? = 0
configure:7781: result: yes
configure:7781: checking for stdint.h
configure:7781: gcc -c -g -O2  conftest.c >&5
configure:7781: $? = 0
configure:7781: result: yes
configure:7781: checking for unistd.h
configure:7781: gcc -c -g -O2  conftest.c >&5
configure:7781: $? = 0
configure:7781: result: yes
configure:7795: checking for dlfcn.h
configure:7795: gcc -c -g -O2  conftest.c >&5
configure:7795: $? = 0
configure:7795: result: yes
configure:7962: checking for objdir
configure:7977: result: .libs
configure:8248: checking if gcc supports -fno-rtti -fno-exceptions
configure:8266: gcc -c -g -O2  -fno-rtti -fno-exceptions conftest.c >&5
cc1: warning: command line option '-fno-rtti' is valid for C++/ObjC++ but not for C
configure:8270: $? = 0
configure:8283: result: no
configure:8593: checking for gcc option to produce PIC
configure:8600: result: -fPIC -DPIC
configure:8608: checking if gcc PIC flag -fPIC -DPIC works
configure:8626: gcc -c -g -O2  -fPIC -DPIC -DPIC conftest.c >&5
configure:8630: $? = 0
configure:8643: result: yes
configure:8672: checking if gcc static flag -static works
configure:8700: result: yes
configure:8715: checking if gcc supports -c -o file.o
configure:8736: gcc -c -g -O2  -o out/conftest2.o conftest.c >&5
configure:8740: $? = 0
configure:8762: result: yes
configure:8770: checking if gcc supports -c -o file.o
configure:8817: result: yes
configure:8850: checking whether the gcc linker (/usr/sbin/ld -m elf_x86_64) supports shared libraries
configure:10012: result: yes
configure:10257: checking dynamic linker characteristics
configure:10772: gcc -o conftest -g -O2   -Wl,-rpath -Wl,/foo conftest.c  >&5
configure:10772: $? = 0
configure:11006: result: GNU/Linux ld.so
configure:11113: checking how to hardcode library paths into programs
configure:11138: result: immediate
configure:11678: checking whether stripping libraries is possible
configure:11683: result: yes
configure:11718: checking if libtool supports shared libraries
configure:11720: result: yes
configure:11723: checking whether to build shared libraries
configure:11744: result: no
configure:11747: checking whether to build static libraries
configure:11751: result: yes
configure:8754: checking how to run the C++ preprocessor
configure:8781: g++ -E  conftest.cpp
configure:8781: $? = 0
configure:8795: g++ -E  conftest.cpp
conftest.cpp:23:10: fatal error: ac_nonexistent.h: No such file or directory
 #include <ac_nonexistent.h>
          ^~~~~~~~~~~~~~~~~~
compilation terminated.
configure:8795: $? = 1
configure: failed program was:
| /* confdefs.h */
| #define PACKAGE_NAME "libpqxx"
| #define PACKAGE_TARNAME "libpqxx"
| #define PACKAGE_VERSION "4.0"
| #define PACKAGE_STRING "libpqxx 4.0"
| #define PACKAGE_BUGREPORT "Jeroen T. Vermeulen <jtv@xs4all.nl>"
| #define PACKAGE_URL ""
| #define PACKAGE "libpqxx"
| #define VERSION "4.0"
| #define STDC_HEADERS 1
| #define HAVE_SYS_TYPES_H 1
| #define HAVE_SYS_STAT_H 1
| #define HAVE_STDLIB_H 1
| #define HAVE_STRING_H 1
| #define HAVE_MEMORY_H 1
| #define HAVE_STRINGS_H 1
| #define HAVE_INTTYPES_H 1
| #define HAVE_STDINT_H 1
| #define HAVE_UNISTD_H 1
| #define HAVE_DLFCN_H 1
| #define LT_OBJDIR ".libs/"
| /* end confdefs.h.  */
| #include <ac_nonexistent.h>
configure:8820: result: g++ -E
configure:8840: g++ -E  conftest.cpp
configure:8840: $? = 0
configure:8854: g++ -E  conftest.cpp
conftest.cpp:23:10: fatal error: ac_nonexistent.h: No such file or directory
 #include <ac_nonexistent.h>
          ^~~~~~~~~~~~~~~~~~
compilation terminated.
configure:8854: $? = 1
configure: failed program was:
| /* confdefs.h */
| #define PACKAGE_NAME "libpqxx"
| #define PACKAGE_TARNAME "libpqxx"
| #define PACKAGE_VERSION "4.0"
| #define PACKAGE_STRING "libpqxx 4.0"
| #define PACKAGE_BUGREPORT "Jeroen T. Vermeulen <jtv@xs4all.nl>"
| #define PACKAGE_URL ""
| #define PACKAGE "libpqxx"
| #define VERSION "4.0"
| #define STDC_HEADERS 1
| #define HAVE_SYS_TYPES_H 1
| #define HAVE_SYS_STAT_H 1
| #define HAVE_STDLIB_H 1
| #define HAVE_STRING_H 1
| #define HAVE_MEMORY_H 1
| #define HAVE_STRINGS_H 1
| #define HAVE_INTTYPES_H 1
| #define HAVE_STDINT_H 1
| #define HAVE_UNISTD_H 1
| #define HAVE_DLFCN_H 1
| #define LT_OBJDIR ".libs/"
| /* end confdefs.h.  */
| #include <ac_nonexistent.h>
configure:9024: checking for ld used by g++
configure:9091: result: /usr/sbin/ld -m elf_x86_64
configure:9098: checking if the linker (/usr/sbin/ld -m elf_x86_64) is GNU ld
configure:9113: result: yes
configure:9168: checking whether the g++ linker (/usr/sbin/ld -m elf_x86_64) supports shared libraries
configure:10172: result: yes
configure:10207: g++ -c -g -O2  conftest.cpp >&5
configure:10210: $? = 0
configure:10730: checking for g++ option to produce PIC
configure:10737: result: -fPIC -DPIC
configure:10745: checking if g++ PIC flag -fPIC -DPIC works
configure:10763: g++ -c -g -O2  -fPIC -DPIC -DPIC conftest.cpp >&5
configure:10767: $? = 0
configure:10780: result: yes
configure:10803: checking if g++ static flag -static works
configure:10831: result: yes
configure:10843: checking if g++ supports -c -o file.o
configure:10864: g++ -c -g -O2  -o out/conftest2.o conftest.cpp >&5
configure:10868: $? = 0
configure:10890: result: yes
configure:10895: checking if g++ supports -c -o file.o
configure:10942: result: yes
configure:10972: checking whether the g++ linker (/usr/sbin/ld -m elf_x86_64) supports shared libraries
configure:11009: result: yes
configure:11152: checking dynamic linker characteristics
configure:11835: result: GNU/Linux ld.so
configure:11888: checking how to hardcode library paths into programs
configure:11913: result: immediate
configure:10893: checking whether make sets $(MAKE)
configure:10915: result: yes
configure:10926: checking for mkdir
configure:10944: found /usr/sbin/mkdir
configure:10956: result: /usr/sbin/mkdir
configure:10966: checking for pkg-config
configure:10984: found /usr/sbin/pkg-config
configure:10996: result: /usr/sbin/pkg-config
configure:11017: checking for doxygen
configure:11050: result: no
configure:11065: checking for dot
configure:11093: result: NO
configure:11103: checking for xmlto
configure:11136: result: no
configure:11170: checking whether to enable maintainer-specific portions of Makefiles
configure:11179: result: no
configure:11194: checking maintainer mode
configure:11201: result: 
configure:11300: checking g++ visibility attribute
configure:11318: g++ -c -g -O2 -Werror  conftest.cpp >&5
configure:11318: $? = 0
configure:11326: result: yes
configure:11218: checking whether g++ accepts -fvisibility-inlines-hidden
configure:11231: g++ -c -g -O2 -Werror -fvisibility-inlines-hidden  conftest.cpp >&5
configure:11231: $? = 0
configure:11237: result: yes
configure:11338: checking g++ const attribute
configure:11352: g++ -c -g -O2  conftest.cpp >&5
conftest.cpp:24:32: warning: 'const' attribute on function returning 'void' [-Wattributes]
 void __attribute__ ((const)) f();
                                ^
configure:11352: $? = 0
configure:11360: result: yes
configure:11363: checking g++ deprecation attribute
configure:11377: g++ -c -g -O2  conftest.cpp >&5
configure:11377: $? = 0
configure:11385: result: yes
configure:11388: checking g++ noreturn attribute
configure:11407: g++ -c -g -O2  conftest.cpp >&5
conftest.cpp:27:38: warning: dynamic exception specifications are deprecated in C++11 [-Wdeprecated]
  void __attribute__ ((noreturn)) f() throw (int);
                                      ^~~~~
conftest.cpp:28:17: warning: dynamic exception specifications are deprecated in C++11 [-Wdeprecated]
         void f()throw(int){throw 1;}
                 ^~~~~
configure:11407: $? = 0
configure:11415: result: yes
configure:11418: checking g++ pure attribute
configure:11432: g++ -c -g -O2  conftest.cpp >&5
conftest.cpp:27:31: warning: 'pure' attribute on function returning 'void' [-Wattributes]
 void __attribute__ ((pure)) f();
                               ^
configure:11432: $? = 0
configure:11440: result: yes
configure:11452: checking name of standard library namespace (normally "std")
configure:11473: g++ -c -g -O2  conftest.cpp >&5
configure:11473: $? = 0
configure:11485: result: ::std
configure:11496: checking boost/smart_ptr.hpp usability
configure:11496: g++ -c -g -O2  conftest.cpp >&5
conftest.cpp:62:10: fatal error: boost/smart_ptr.hpp: No such file or directory
 #include <boost/smart_ptr.hpp>
          ^~~~~~~~~~~~~~~~~~~~~
compilation terminated.
configure:11496: $? = 1
configure: failed program was:
| /* confdefs.h */
| #define PACKAGE_NAME "libpqxx"
| #define PACKAGE_TARNAME "libpqxx"
| #define PACKAGE_VERSION "4.0"
| #define PACKAGE_STRING "libpqxx 4.0"
| #define PACKAGE_BUGREPORT "Jeroen T. Vermeulen <jtv@xs4all.nl>"
| #define PACKAGE_URL ""
| #define PACKAGE "libpqxx"
| #define VERSION "4.0"
| #define STDC_HEADERS 1
| #define HAVE_SYS_TYPES_H 1
| #define HAVE_SYS_STAT_H 1
| #define HAVE_STDLIB_H 1
| #define HAVE_STRING_H 1
| #define HAVE_MEMORY_H 1
| #define HAVE_STRINGS_H 1
| #define HAVE_INTTYPES_H 1
| #define HAVE_STDINT_H 1
| #define HAVE_UNISTD_H 1
| #define HAVE_DLFCN_H 1
| #define LT_OBJDIR ".libs/"
| #define PQXX_HAVE_GCC_VISIBILITY 1
| #define PQXX_HAVE_GCC_CONST 1
| #define PQXX_HAVE_GCC_DEPRECATED 1
| #define PQXX_HAVE_GCC_NORETURN 1
| #define PQXX_HAVE_GCC_PURE 1
| #define PGSTD std
| /* end confdefs.h.  */
| #include <stdio.h>
| #ifdef HAVE_SYS_TYPES_H
| # include <sys/types.h>
| #endif
| #ifdef HAVE_SYS_STAT_H
| # include <sys/stat.h>
| #endif
| #ifdef STDC_HEADERS
| # include <stdlib.h>
| # include <stddef.h>
| #else
| # ifdef HAVE_STDLIB_H
| #  include <stdlib.h>
| # endif
| #endif
| #ifdef HAVE_STRING_H
| # if !defined STDC_HEADERS && defined HAVE_MEMORY_H
| #  include <memory.h>
| # endif
| # include <string.h>
| #endif
| #ifdef HAVE_STRINGS_H
| # include <strings.h>
| #endif
| #ifdef HAVE_INTTYPES_H
| # include <inttypes.h>
| #endif
| #ifdef HAVE_STDINT_H
| # include <stdint.h>
| #endif
| #ifdef HAVE_UNISTD_H
| # include <unistd.h>
| #endif
| #include <boost/smart_ptr.hpp>
configure:11496: result: no
configure:11496: checking boost/smart_ptr.hpp presence
configure:11496: g++ -E  conftest.cpp
conftest.cpp:29:10: fatal error: boost/smart_ptr.hpp: No such file or directory
 #include <boost/smart_ptr.hpp>
          ^~~~~~~~~~~~~~~~~~~~~
compilation terminated.
configure:11496: $? = 1
configure: failed program was:
| /* confdefs.h */
| #define PACKAGE_NAME "libpqxx"
| #define PACKAGE_TARNAME "libpqxx"
| #define PACKAGE_VERSION "4.0"
| #define PACKAGE_STRING "libpqxx 4.0"
| #define PACKAGE_BUGREPORT "Jeroen T. Vermeulen <jtv@xs4all.nl>"
| #define PACKAGE_URL ""
| #define PACKAGE "libpqxx"
| #define VERSION "4.0"
| #define STDC_HEADERS 1
| #define HAVE_SYS_TYPES_H 1
| #define HAVE_SYS_STAT_H 1
| #define HAVE_STDLIB_H 1
| #define HAVE_STRING_H 1
| #define HAVE_MEMORY_H 1
| #define HAVE_STRINGS_H 1
| #define HAVE_INTTYPES_H 1
| #define HAVE_STDINT_H 1
| #define HAVE_UNISTD_H 1
| #define HAVE_DLFCN_H 1
| #define LT_OBJDIR ".libs/"
| #define PQXX_HAVE_GCC_VISIBILITY 1
| #define PQXX_HAVE_GCC_CONST 1
| #define PQXX_HAVE_GCC_DEPRECATED 1
| #define PQXX_HAVE_GCC_NORETURN 1
| #define PQXX_HAVE_GCC_PURE 1
| #define PGSTD std
| /* end confdefs.h.  */
| #include <boost/smart_ptr.hpp>
configure:11496: result: no
configure:11496: checking for boost/smart_ptr.hpp
configure:11496: result: no
configure:11508: checking whether TR1 headers live in tr1 directory
configure:11522: g++ -c -g -O2  conftest.cpp >&5
configure:11522: $? = 0
configure:11530: result: yes
configure:11540: checking namespace of TR1 extension to the C++ standard
configure:11567: g++ -c -g -O2  conftest.cpp >&5
configure:11567: $? = 0
configure:11579: result: std::tr1
configure:11583: checking ios usability
configure:11583: g++ -c -g -O2  conftest.cpp >&5
configure:11583: $? = 0
configure:11583: result: yes
configure:11583: checking ios presence
configure:11583: g++ -E  conftest.cpp
configure:11583: $? = 0
configure:11583: result: yes
configure:11583: checking for ios
configure:11583: result: yes
configure:11595: checking streambuf usability
configure:11595: g++ -c -g -O2  conftest.cpp >&5
configure:11595: $? = 0
configure:11595: result: yes
configure:11595: checking streambuf presence
configure:11595: g++ -E  conftest.cpp
configure:11595: $? = 0
configure:11595: result: yes
configure:11595: checking for streambuf
configure:11595: result: yes
configure:11607: checking locale usability
configure:11607: g++ -c -g -O2  conftest.cpp >&5
configure:11607: $? = 0
configure:11607: result: yes
configure:11607: checking locale presence
configure:11607: g++ -E  conftest.cpp
configure:11607: $? = 0
configure:11607: result: yes
configure:11607: checking for locale
configure:11607: result: yes
configure:11619: checking locale function and stringstream::imbue
configure:11636: g++ -c -g -O2  conftest.cpp >&5
configure:11636: $? = 0
configure:11644: result: yes
configure:11647: checking char_traits template
configure:11662: g++ -c -g -O2  conftest.cpp >&5
configure:11662: $? = 0
configure:11670: result: yes
configure:11673: checking "warning" preprocessor directive
configure:11687: g++ -c -g -O2  conftest.cpp >&5
conftest.cpp:36:2: warning: #warning cpp supports warning directive [-Wcpp]
 #warning cpp supports warning directive
  ^~~~~~~
configure:11687: $? = 0
configure:11695: result: yes
configure:11698: checking "message" preprocessor pragma
configure:11712: g++ -c -g -O2  conftest.cpp >&5
conftest.cpp:37:46: note: #pragma message: cpp supports message pragma
 #pragma message("cpp supports message pragma")
                                              ^
configure:11712: $? = 0
configure:11720: result: yes
configure:11728: checking for pg_config
configure:11746: found /usr/sbin/pg_config
configure:11758: result: /usr/sbin/pg_config
configure:11777: using PostgreSQL headers at /usr/include
configure:11780: using PostgreSQL libraries at /usr/lib
configure:11791: checking for ANSI C header files
configure:11895: result: yes
configure:11904: checking ability to compile programs using the standard C library
configure:11919: g++ -c -g -O2  conftest.cpp >&5
configure:11919: $? = 0
configure:11936: result: yes
configure:11942: checking for library containing select
configure:11973: g++ -o conftest -g -O2   conftest.cpp  >&5
configure:11973: $? = 0
configure:11990: result: none required
configure:12054: checking /usr/include/libpq-fe.h usability
configure:12054: g++ -c -g -O2  conftest.cpp >&5
configure:12054: $? = 0
configure:12054: result: yes
configure:12054: checking /usr/include/libpq-fe.h presence
configure:12054: g++ -E  conftest.cpp
configure:12054: $? = 0
configure:12054: result: yes
configure:12054: checking for /usr/include/libpq-fe.h
configure:12054: result: yes
configure:12074: checking for ability to compile source files using libpq
configure:12087: g++ -c -g -O2  conftest.cpp >&5
configure:12087: $? = 0
configure:12100: result: yes
configure:12114: checking for main in -lpq
configure:12133: gcc -o conftest -g -O2   -L/usr/lib conftest.c -lpq -L/usr/lib  >&5
configure:12133: $? = 0
configure:12142: result: yes
configure:12161: checking for PQexec in -lpq
configure:12186: gcc -o conftest -g -O2   -L/usr/lib conftest.c -lpq -L/usr/lib -lpq  >&5
configure:12186: $? = 0
configure:12195: result: yes
configure:12233: checking for correct C++ linkage of basic libpq functions
configure:12272: g++ -o conftest -g -O2   -L/usr/lib conftest.cpp  >&5
/usr/sbin/ld: /tmp/ccfGWxmu.o: in function `main':
/home/david/Desktop/HEIG-VD/PRO/heigvd-pro-b-13/PRO_GUI/PRO_GUI/libpqxx-4.0/conftest.cpp:43: undefined reference to `PQexec'
collect2: error: ld returned 1 exit status
configure:12272: $? = 1
configure: failed program was:
| /* confdefs.h */
| #define PACKAGE_NAME "libpqxx"
| #define PACKAGE_TARNAME "libpqxx"
| #define PACKAGE_VERSION "4.0"
| #define PACKAGE_STRING "libpqxx 4.0"
| #define PACKAGE_BUGREPORT "Jeroen T. Vermeulen <jtv@xs4all.nl>"
| #define PACKAGE_URL ""
| #define PACKAGE "libpqxx"
| #define VERSION "4.0"
| #define STDC_HEADERS 1
| #define HAVE_SYS_TYPES_H 1
| #define HAVE_SYS_STAT_H 1
| #define HAVE_STDLIB_H 1
| #define HAVE_STRING_H 1
| #define HAVE_MEMORY_H 1
| #define HAVE_STRINGS_H 1
| #define HAVE_INTTYPES_H 1
| #define HAVE_STDINT_H 1
| #define HAVE_UNISTD_H 1
| #define HAVE_DLFCN_H 1
| #define LT_OBJDIR ".libs/"
| #define PQXX_HAVE_GCC_VISIBILITY 1
| #define PQXX_HAVE_GCC_CONST 1
| #define PQXX_HAVE_GCC_DEPRECATED 1
| #define PQXX_HAVE_GCC_NORETURN 1
| #define PQXX_HAVE_GCC_PURE 1
| #define PGSTD std
| #define PQXX_TR1_HEADERS 1
| #define PQXXTR1 std::tr1
| #define PQXX_HAVE_IOS 1
| #define PQXX_HAVE_STREAMBUF 1
| #define PQXX_HAVE_LOCALE 1
| #define PQXX_HAVE_IMBUE 1
| #define PQXX_HAVE_CHAR_TRAITS 1
| #define PQXX_HAVE_CPP_WARNING 1
| #define PQXX_HAVE_CPP_PRAGMA_MESSAGE 1
| #define STDC_HEADERS 1
| #define HAVE_LIBPQ 1
| #define HAVE_LIBPQ 1
| /* end confdefs.h.  */
| 
| #include </usr/include/libpq-fe.h>
| int main(){return !PQexec(0,0);}
configure:12275: error: 
Linking a call to libpq failed in C++, even though it succeeded in C.  If your
C and C++ compilers are very different beasts, this may mean that we do not have
the right options for linking with it after all.

Read the config.log file for more detailed information.  Look for the last error
message, which may be several pages up from the end of the file.


## ---------------- ##
## Cache variables. ##
## ---------------- ##

ac_cv_build=x86_64-unknown-linux-gnu
ac_cv_c_compiler_gnu=yes
ac_cv_cxx_compiler_gnu=yes
ac_cv_env_CCC_set=
ac_cv_env_CCC_value=
ac_cv_env_CC_set=
ac_cv_env_CC_value=
ac_cv_env_CFLAGS_set=
ac_cv_env_CFLAGS_value=
ac_cv_env_CPPFLAGS_set=
ac_cv_env_CPPFLAGS_value=
ac_cv_env_CPP_set=
ac_cv_env_CPP_value=
ac_cv_env_CXXCPP_set=
ac_cv_env_CXXCPP_value=
ac_cv_env_CXXFLAGS_set=
ac_cv_env_CXXFLAGS_value=
ac_cv_env_CXX_set=
ac_cv_env_CXX_value=
ac_cv_env_LDFLAGS_set=
ac_cv_env_LDFLAGS_value=
ac_cv_env_LIBS_set=
ac_cv_env_LIBS_value=
ac_cv_env_build_alias_set=
ac_cv_env_build_alias_value=
ac_cv_env_host_alias_set=
ac_cv_env_host_alias_value=
ac_cv_env_target_alias_set=
ac_cv_env_target_alias_value=
ac_cv_header__usr_include_libpq_fe_h=yes
ac_cv_header_boost_smart_ptr_hpp=no
ac_cv_header_dlfcn_h=yes
ac_cv_header_inttypes_h=yes
ac_cv_header_ios=yes
ac_cv_header_locale=yes
ac_cv_header_memory_h=yes
ac_cv_header_stdc=yes
ac_cv_header_stdint_h=yes
ac_cv_header_stdlib_h=yes
ac_cv_header_streambuf=yes
ac_cv_header_string_h=yes
ac_cv_header_strings_h=yes
ac_cv_header_sys_stat_h=yes
ac_cv_header_sys_types_h=yes
ac_cv_header_unistd_h=yes
ac_cv_host=x86_64-unknown-linux-gnu
ac_cv_lib_pq=ac_cv_lib_pq_main
ac_cv_lib_pq_PQexec=yes
ac_cv_lib_pq_main=yes
ac_cv_objext=o
ac_cv_path_EGREP='/usr/sbin/grep -E'
ac_cv_path_FGREP='/usr/sbin/grep -F'
ac_cv_path_GREP=/usr/sbin/grep
ac_cv_path_MKDIR=/usr/sbin/mkdir
ac_cv_path_PG_CONFIG=/usr/sbin/pg_config
ac_cv_path_PKG_CONFIG=/usr/sbin/pkg-config
ac_cv_path_SED=/usr/sbin/sed
ac_cv_path_install='/usr/bin/install -c'
ac_cv_path_mkdir=/usr/sbin/mkdir
ac_cv_prog_AWK=gawk
ac_cv_prog_CPP='gcc -E'
ac_cv_prog_CXXCPP='g++ -E'
ac_cv_prog_HAVE_DOT=NO
ac_cv_prog_ac_ct_AR=ar
ac_cv_prog_ac_ct_CC=gcc
ac_cv_prog_ac_ct_CXX=g++
ac_cv_prog_ac_ct_OBJDUMP=objdump
ac_cv_prog_ac_ct_RANLIB=ranlib
ac_cv_prog_ac_ct_STRIP=strip
ac_cv_prog_cc_c89=
ac_cv_prog_cc_g=yes
ac_cv_prog_cxx_g=yes
ac_cv_prog_make_make_set=yes
ac_cv_search_select='none required'
am_cv_CC_dependencies_compiler_type=gcc3
am_cv_CXX_dependencies_compiler_type=gcc3
lt_cv_ar_at_file=@
lt_cv_deplibs_check_method=pass_all
lt_cv_file_magic_cmd='$MAGIC_CMD'
lt_cv_file_magic_test_file=
lt_cv_ld_reload_flag=-r
lt_cv_nm_interface='BSD nm'
lt_cv_objdir=.libs
lt_cv_path_LD=/usr/sbin/ld
lt_cv_path_LDCXX='/usr/sbin/ld -m elf_x86_64'
lt_cv_path_NM='/usr/sbin/nm -B'
lt_cv_path_mainfest_tool=no
lt_cv_prog_compiler_c_o=yes
lt_cv_prog_compiler_c_o_CXX=yes
lt_cv_prog_compiler_pic='-fPIC -DPIC'
lt_cv_prog_compiler_pic_CXX='-fPIC -DPIC'
lt_cv_prog_compiler_pic_works=yes
lt_cv_prog_compiler_pic_works_CXX=yes
lt_cv_prog_compiler_rtti_exceptions=no
lt_cv_prog_compiler_static_works=yes
lt_cv_prog_compiler_static_works_CXX=yes
lt_cv_prog_gnu_ld=yes
lt_cv_prog_gnu_ldcxx=yes
lt_cv_sharedlib_from_linklib_cmd='printf %s\n'
lt_cv_shlibpath_overrides_runpath=no
lt_cv_sys_global_symbol_pipe='sed -n -e '\''s/^.*[	 ]\([ABCDGIRSTW][ABCDGIRSTW]*\)[	 ][	 ]*\([_A-Za-z][_A-Za-z0-9]*\)$/\1 \2 \2/p'\'' | sed '\''/ __gnu_lto/d'\'''
lt_cv_sys_global_symbol_to_c_name_address='sed -n -e '\''s/^: \([^ ]*\)[ ]*$/  {\"\1\", (void *) 0},/p'\'' -e '\''s/^[ABCDGIRSTW]* \([^ ]*\) \([^ ]*\)$/  {"\2", (void *) \&\2},/p'\'''
lt_cv_sys_global_symbol_to_c_name_address_lib_prefix='sed -n -e '\''s/^: \([^ ]*\)[ ]*$/  {\"\1\", (void *) 0},/p'\'' -e '\''s/^[ABCDGIRSTW]* \([^ ]*\) \(lib[^ ]*\)$/  {"\2", (void *) \&\2},/p'\'' -e '\''s/^[ABCDGIRSTW]* \([^ ]*\) \([^ ]*\)$/  {"lib\2", (void *) \&\2},/p'\'''
lt_cv_sys_global_symbol_to_cdecl='sed -n -e '\''s/^T .* \(.*\)$/extern int \1();/p'\'' -e '\''s/^[ABCDGIRSTW]* .* \(.*\)$/extern char \1;/p'\'''
lt_cv_sys_max_cmd_len=1572864
lt_cv_to_host_file_cmd=func_convert_file_noop
lt_cv_to_tool_file_cmd=func_convert_file_noop

## ----------------- ##
## Output variables. ##
## ----------------- ##

ACLOCAL='${SHELL} /home/david/Desktop/HEIG-VD/PRO/heigvd-pro-b-13/PRO_GUI/PRO_GUI/libpqxx-4.0/config/missing --run aclocal-1.11'
AMDEPBACKSLASH='\'
AMDEP_FALSE='#'
AMDEP_TRUE=''
AMTAR='${SHELL} /home/david/Desktop/HEIG-VD/PRO/heigvd-pro-b-13/PRO_GUI/PRO_GUI/libpqxx-4.0/config/missing --run tar'
AR='ar'
AUTOCONF='${SHELL} /home/david/Desktop/HEIG-VD/PRO/heigvd-pro-b-13/PRO_GUI/PRO_GUI/libpqxx-4.0/config/missing --run autoconf'
AUTOHEADER='${SHELL} /home/david/Desktop/HEIG-VD/PRO/heigvd-pro-b-13/PRO_GUI/PRO_GUI/libpqxx-4.0/config/missing --run autoheader'
AUTOMAKE='${SHELL} /home/david/Desktop/HEIG-VD/PRO/heigvd-pro-b-13/PRO_GUI/PRO_GUI/libpqxx-4.0/config/missing --run automake-1.11'
AWK='gawk'
BUILD_REFERENCE_FALSE='#'
BUILD_REFERENCE_TRUE=''
BUILD_TUTORIAL_FALSE='#'
BUILD_TUTORIAL_TRUE=''
CC='gcc'
CCDEPMODE='depmode=gcc3'
CFLAGS='-g -O2'
CPP='gcc -E'
CPPFLAGS=''
CXX='g++'
CXXCPP='g++ -E'
CXXDEPMODE='depmode=gcc3'
CXXFLAGS='-g -O2'
CYGPATH_W='echo'
DEFS=''
DEPDIR='.deps'
DLLTOOL='false'
DOXYGEN=''
DSYMUTIL=''
DUMPBIN=''
ECHO_C=''
ECHO_N='-n'
ECHO_T=''
EGREP='/usr/sbin/grep -E'
EXEEXT=''
FGREP='/usr/sbin/grep -F'
GREP='/usr/sbin/grep'
HAVE_DOT='NO'
INSTALL_DATA='${INSTALL} -m 644'
INSTALL_PROGRAM='${INSTALL}'
INSTALL_SCRIPT='${INSTALL}'
INSTALL_STRIP_PROGRAM='$(install_sh) -c -s'
LD='/usr/sbin/ld -m elf_x86_64'
LDFLAGS=' -L/usr/lib'
LIBOBJS=''
LIBS=''
LIBTOOL='$(SHELL) $(top_builddir)/libtool'
LIPO=''
LN_S='ln -s'
LTLIBOBJS=''
MAINT='#'
MAINTAINER_MODE_FALSE=''
MAINTAINER_MODE_TRUE='#'
MAKEINFO='${SHELL} /home/david/Desktop/HEIG-VD/PRO/heigvd-pro-b-13/PRO_GUI/PRO_GUI/libpqxx-4.0/config/missing --run makeinfo'
MANIFEST_TOOL=':'
MKDIR='/usr/sbin/mkdir'
MKDIR_P='/usr/sbin/mkdir -p'
NM='/usr/sbin/nm -B'
NMEDIT=''
OBJDUMP='objdump'
OBJEXT='o'
OTOOL64=''
OTOOL=''
PACKAGE='libpqxx'
PACKAGE_BUGREPORT='Jeroen T. Vermeulen <jtv@xs4all.nl>'
PACKAGE_NAME='libpqxx'
PACKAGE_STRING='libpqxx 4.0'
PACKAGE_TARNAME='libpqxx'
PACKAGE_URL=''
PACKAGE_VERSION='4.0'
PATH_SEPARATOR=':'
PG_CONFIG='/usr/sbin/pg_config'
PKG_CONFIG='/usr/sbin/pkg-config'
POSTGRES_INCLUDE='-I/usr/include'
POSTGRES_LIB=''
PQXXVERSION='4.0'
PQXX_ABI='4.0'
PQXX_MAJOR='4'
PQXX_MINOR='0'
RANLIB='ranlib'
SED='/usr/sbin/sed'
SET_MAKE=''
SHELL='/bin/sh'
STRIP='strip'
VERSION='4.0'
XMLTO=''
ac_ct_AR='ar'
ac_ct_CC='gcc'
ac_ct_CXX='g++'
ac_ct_DUMPBIN=''
am__EXEEXT_FALSE=''
am__EXEEXT_TRUE=''
am__fastdepCC_FALSE='#'
am__fastdepCC_TRUE=''
am__fastdepCXX_FALSE='#'
am__fastdepCXX_TRUE=''
am__include='include'
am__isrc=''
am__leading_dot='.'
am__quote=''
am__tar='${AMTAR} chof - "$$tardir"'
am__untar='${AMTAR} xf -'
bindir='${exec_prefix}/bin'
build='x86_64-unknown-linux-gnu'
build_alias=''
build_cpu='x86_64'
build_os='linux-gnu'
build_vendor='unknown'
datadir='${datarootdir}'
datarootdir='${prefix}/share'
docdir='${datarootdir}/doc/${PACKAGE_TARNAME}'
dvidir='${docdir}'
exec_prefix='NONE'
host='x86_64-unknown-linux-gnu'
host_alias=''
host_cpu='x86_64'
host_os='linux-gnu'
host_vendor='unknown'
htmldir='${docdir}'
includedir='${prefix}/include'
infodir='${datarootdir}/info'
install_sh='${SHELL} /home/david/Desktop/HEIG-VD/PRO/heigvd-pro-b-13/PRO_GUI/PRO_GUI/libpqxx-4.0/config/install-sh'
libdir='${exec_prefix}/lib'
libexecdir='${exec_prefix}/libexec'
localedir='${datarootdir}/locale'
localstatedir='${prefix}/var'
mandir='${datarootdir}/man'
mkdir_p='/usr/sbin/mkdir -p'
oldincludedir='/usr/include'
pdfdir='${docdir}'
prefix='NONE'
program_transform_name='s,x,x,'
psdir='${docdir}'
sbindir='${exec_prefix}/sbin'
sharedstatedir='${prefix}/com'
sysconfdir='${prefix}/etc'
target_alias=''
with_postgres_include='/usr/include'
with_postgres_lib='/usr/lib'

## ----------- ##
## confdefs.h. ##
## ----------- ##

/* confdefs.h */
#define PACKAGE_NAME "libpqxx"
#define PACKAGE_TARNAME "libpqxx"
#define PACKAGE_VERSION "4.0"
#define PACKAGE_STRING "libpqxx 4.0"
#define PACKAGE_BUGREPORT "Jeroen T. Vermeulen <jtv@xs4all.nl>"
#define PACKAGE_URL ""
#define PACKAGE "libpqxx"
#define VERSION "4.0"
#define STDC_HEADERS 1
#define HAVE_SYS_TYPES_H 1
#define HAVE_SYS_STAT_H 1
#define HAVE_STDLIB_H 1
#define HAVE_STRING_H 1
#define HAVE_MEMORY_H 1
#define HAVE_STRINGS_H 1
#define HAVE_INTTYPES_H 1
#define HAVE_STDINT_H 1
#define HAVE_UNISTD_H 1
#define HAVE_DLFCN_H 1
#define LT_OBJDIR ".libs/"
#define PQXX_HAVE_GCC_VISIBILITY 1
#define PQXX_HAVE_GCC_CONST 1
#define PQXX_HAVE_GCC_DEPRECATED 1
#define PQXX_HAVE_GCC_NORETURN 1
#define PQXX_HAVE_GCC_PURE 1
#define PGSTD std
#define PQXX_TR1_HEADERS 1
#define PQXXTR1 std::tr1
#define PQXX_HAVE_IOS 1
#define PQXX_HAVE_STREAMBUF 1
#define PQXX_HAVE_LOCALE 1
#define PQXX_HAVE_IMBUE 1
#define PQXX_HAVE_CHAR_TRAITS 1
#define PQXX_HAVE_CPP_WARNING 1
#define PQXX_HAVE_CPP_PRAGMA_MESSAGE 1
#define STDC_HEADERS 1
#define HAVE_LIBPQ 1
#define HAVE_LIBPQ 1

configure: exit 1
